2025-08-05 23:07:07,382 [Worker-6: Loading available Gradle versions] INFO  o.e.b.c.i.u.g.PublishedGradleVersions - Gradle version information cache is not available. Remote download required.
2025-08-05 23:08:11,921 [Worker-22: Launching mavenrun-a65a24ff-ea15-4446-ba15-480f7a79255c] INFO  o.eclipse.m2e.core.internal.Bundles - getClasspathEntries(Bundle=org.eclipse.m2e.maven.runtime_3.9.900.20250220-2013 [638])
2025-08-05 23:08:11,925 [Worker-22: Launching mavenrun-a65a24ff-ea15-4446-ba15-480f7a79255c] INFO  o.eclipse.m2e.core.internal.Bundles - 	Entry: D:\curso entra21\eclipse\plugins\org.eclipse.m2e.maven.runtime_3.9.900.20250220-2013
2025-08-05 23:08:11,925 [Worker-22: Launching mavenrun-a65a24ff-ea15-4446-ba15-480f7a79255c] INFO  o.eclipse.m2e.core.internal.Bundles - 	Entry: D:\curso entra21\eclipse\plugins\org.eclipse.m2e.maven.runtime_3.9.900.20250220-2013\jars\aopalliance-1.0.jar
2025-08-05 23:08:11,926 [Worker-22: Launching mavenrun-a65a24ff-ea15-4446-ba15-480f7a79255c] INFO  o.eclipse.m2e.core.internal.Bundles - 	Entry: D:\curso entra21\eclipse\plugins\org.eclipse.m2e.maven.runtime_3.9.900.20250220-2013\jars\guice-5.1.0.jar
2025-08-05 23:08:11,926 [Worker-22: Launching mavenrun-a65a24ff-ea15-4446-ba15-480f7a79255c] INFO  o.eclipse.m2e.core.internal.Bundles - 	Entry: D:\curso entra21\eclipse\plugins\org.eclipse.m2e.maven.runtime_3.9.900.20250220-2013\jars\httpclient-4.5.14.jar
2025-08-05 23:08:11,926 [Worker-22: Launching mavenrun-a65a24ff-ea15-4446-ba15-480f7a79255c] INFO  o.eclipse.m2e.core.internal.Bundles - 	Entry: D:\curso entra21\eclipse\plugins\org.eclipse.m2e.maven.runtime_3.9.900.20250220-2013\jars\httpcore-4.4.16.jar
2025-08-05 23:08:11,926 [Worker-22: Launching mavenrun-a65a24ff-ea15-4446-ba15-480f7a79255c] INFO  o.eclipse.m2e.core.internal.Bundles - 	Entry: D:\curso entra21\eclipse\plugins\org.eclipse.m2e.maven.runtime_3.9.900.20250220-2013\jars\jansi-2.4.1.jar
2025-08-05 23:08:11,926 [Worker-22: Launching mavenrun-a65a24ff-ea15-4446-ba15-480f7a79255c] INFO  o.eclipse.m2e.core.internal.Bundles - 	Entry: D:\curso entra21\eclipse\plugins\org.eclipse.m2e.maven.runtime_3.9.900.20250220-2013\jars\jcl-over-slf4j-1.7.36.jar
2025-08-05 23:08:11,927 [Worker-22: Launching mavenrun-a65a24ff-ea15-4446-ba15-480f7a79255c] INFO  o.eclipse.m2e.core.internal.Bundles - 	Entry: D:\curso entra21\eclipse\plugins\org.eclipse.m2e.maven.runtime_3.9.900.20250220-2013\jars\maven-artifact-3.9.9.jar
2025-08-05 23:08:11,927 [Worker-22: Launching mavenrun-a65a24ff-ea15-4446-ba15-480f7a79255c] INFO  o.eclipse.m2e.core.internal.Bundles - 	Entry: D:\curso entra21\eclipse\plugins\org.eclipse.m2e.maven.runtime_3.9.900.20250220-2013\jars\maven-builder-support-3.9.9.jar
2025-08-05 23:08:11,927 [Worker-22: Launching mavenrun-a65a24ff-ea15-4446-ba15-480f7a79255c] INFO  o.eclipse.m2e.core.internal.Bundles - 	Entry: D:\curso entra21\eclipse\plugins\org.eclipse.m2e.maven.runtime_3.9.900.20250220-2013\jars\maven-compat-3.9.9.jar
2025-08-05 23:08:11,927 [Worker-22: Launching mavenrun-a65a24ff-ea15-4446-ba15-480f7a79255c] INFO  o.eclipse.m2e.core.internal.Bundles - 	Entry: D:\curso entra21\eclipse\plugins\org.eclipse.m2e.maven.runtime_3.9.900.20250220-2013\jars\maven-core-3.9.9.jar
2025-08-05 23:08:11,927 [Worker-22: Launching mavenrun-a65a24ff-ea15-4446-ba15-480f7a79255c] INFO  o.eclipse.m2e.core.internal.Bundles - 	Entry: D:\curso entra21\eclipse\plugins\org.eclipse.m2e.maven.runtime_3.9.900.20250220-2013\jars\maven-embedder-3.9.9.jar
2025-08-05 23:08:11,927 [Worker-22: Launching mavenrun-a65a24ff-ea15-4446-ba15-480f7a79255c] INFO  o.eclipse.m2e.core.internal.Bundles - 	Entry: D:\curso entra21\eclipse\plugins\org.eclipse.m2e.maven.runtime_3.9.900.20250220-2013\jars\maven-model-3.9.9.jar
2025-08-05 23:08:11,927 [Worker-22: Launching mavenrun-a65a24ff-ea15-4446-ba15-480f7a79255c] INFO  o.eclipse.m2e.core.internal.Bundles - 	Entry: D:\curso entra21\eclipse\plugins\org.eclipse.m2e.maven.runtime_3.9.900.20250220-2013\jars\maven-model-builder-3.9.9.jar
2025-08-05 23:08:11,927 [Worker-22: Launching mavenrun-a65a24ff-ea15-4446-ba15-480f7a79255c] INFO  o.eclipse.m2e.core.internal.Bundles - 	Entry: D:\curso entra21\eclipse\plugins\org.eclipse.m2e.maven.runtime_3.9.900.20250220-2013\jars\maven-plugin-api-3.9.9.jar
2025-08-05 23:08:11,928 [Worker-22: Launching mavenrun-a65a24ff-ea15-4446-ba15-480f7a79255c] INFO  o.eclipse.m2e.core.internal.Bundles - 	Entry: D:\curso entra21\eclipse\plugins\org.eclipse.m2e.maven.runtime_3.9.900.20250220-2013\jars\maven-repository-metadata-3.9.9.jar
2025-08-05 23:08:11,928 [Worker-22: Launching mavenrun-a65a24ff-ea15-4446-ba15-480f7a79255c] INFO  o.eclipse.m2e.core.internal.Bundles - 	Entry: D:\curso entra21\eclipse\plugins\org.eclipse.m2e.maven.runtime_3.9.900.20250220-2013\jars\maven-resolver-api-1.9.22.jar
2025-08-05 23:08:11,928 [Worker-22: Launching mavenrun-a65a24ff-ea15-4446-ba15-480f7a79255c] INFO  o.eclipse.m2e.core.internal.Bundles - 	Entry: D:\curso entra21\eclipse\plugins\org.eclipse.m2e.maven.runtime_3.9.900.20250220-2013\jars\maven-resolver-connector-basic-1.9.22.jar
2025-08-05 23:08:11,928 [Worker-22: Launching mavenrun-a65a24ff-ea15-4446-ba15-480f7a79255c] INFO  o.eclipse.m2e.core.internal.Bundles - 	Entry: D:\curso entra21\eclipse\plugins\org.eclipse.m2e.maven.runtime_3.9.900.20250220-2013\jars\maven-resolver-impl-1.9.22.jar
2025-08-05 23:08:11,928 [Worker-22: Launching mavenrun-a65a24ff-ea15-4446-ba15-480f7a79255c] INFO  o.eclipse.m2e.core.internal.Bundles - 	Entry: D:\curso entra21\eclipse\plugins\org.eclipse.m2e.maven.runtime_3.9.900.20250220-2013\jars\maven-resolver-named-locks-1.9.22.jar
2025-08-05 23:08:11,928 [Worker-22: Launching mavenrun-a65a24ff-ea15-4446-ba15-480f7a79255c] INFO  o.eclipse.m2e.core.internal.Bundles - 	Entry: D:\curso entra21\eclipse\plugins\org.eclipse.m2e.maven.runtime_3.9.900.20250220-2013\jars\maven-resolver-provider-3.9.9.jar
2025-08-05 23:08:11,928 [Worker-22: Launching mavenrun-a65a24ff-ea15-4446-ba15-480f7a79255c] INFO  o.eclipse.m2e.core.internal.Bundles - 	Entry: D:\curso entra21\eclipse\plugins\org.eclipse.m2e.maven.runtime_3.9.900.20250220-2013\jars\maven-resolver-spi-1.9.22.jar
2025-08-05 23:08:11,928 [Worker-22: Launching mavenrun-a65a24ff-ea15-4446-ba15-480f7a79255c] INFO  o.eclipse.m2e.core.internal.Bundles - 	Entry: D:\curso entra21\eclipse\plugins\org.eclipse.m2e.maven.runtime_3.9.900.20250220-2013\jars\maven-resolver-transport-file-1.9.22.jar
2025-08-05 23:08:11,928 [Worker-22: Launching mavenrun-a65a24ff-ea15-4446-ba15-480f7a79255c] INFO  o.eclipse.m2e.core.internal.Bundles - 	Entry: D:\curso entra21\eclipse\plugins\org.eclipse.m2e.maven.runtime_3.9.900.20250220-2013\jars\maven-resolver-transport-http-1.9.22.jar
2025-08-05 23:08:11,928 [Worker-22: Launching mavenrun-a65a24ff-ea15-4446-ba15-480f7a79255c] INFO  o.eclipse.m2e.core.internal.Bundles - 	Entry: D:\curso entra21\eclipse\plugins\org.eclipse.m2e.maven.runtime_3.9.900.20250220-2013\jars\maven-resolver-transport-wagon-1.9.22.jar
2025-08-05 23:08:11,928 [Worker-22: Launching mavenrun-a65a24ff-ea15-4446-ba15-480f7a79255c] INFO  o.eclipse.m2e.core.internal.Bundles - 	Entry: D:\curso entra21\eclipse\plugins\org.eclipse.m2e.maven.runtime_3.9.900.20250220-2013\jars\maven-resolver-util-1.9.22.jar
2025-08-05 23:08:11,928 [Worker-22: Launching mavenrun-a65a24ff-ea15-4446-ba15-480f7a79255c] INFO  o.eclipse.m2e.core.internal.Bundles - 	Entry: D:\curso entra21\eclipse\plugins\org.eclipse.m2e.maven.runtime_3.9.900.20250220-2013\jars\maven-settings-3.9.9.jar
2025-08-05 23:08:11,929 [Worker-22: Launching mavenrun-a65a24ff-ea15-4446-ba15-480f7a79255c] INFO  o.eclipse.m2e.core.internal.Bundles - 	Entry: D:\curso entra21\eclipse\plugins\org.eclipse.m2e.maven.runtime_3.9.900.20250220-2013\jars\maven-settings-builder-3.9.9.jar
2025-08-05 23:08:11,929 [Worker-22: Launching mavenrun-a65a24ff-ea15-4446-ba15-480f7a79255c] INFO  o.eclipse.m2e.core.internal.Bundles - 	Entry: D:\curso entra21\eclipse\plugins\org.eclipse.m2e.maven.runtime_3.9.900.20250220-2013\jars\maven-shared-utils-3.4.2.jar
2025-08-05 23:08:11,929 [Worker-22: Launching mavenrun-a65a24ff-ea15-4446-ba15-480f7a79255c] INFO  o.eclipse.m2e.core.internal.Bundles - 	Entry: D:\curso entra21\eclipse\plugins\org.eclipse.m2e.maven.runtime_3.9.900.20250220-2013\jars\org.eclipse.sisu.inject-0.9.0.M3.jar
2025-08-05 23:08:11,929 [Worker-22: Launching mavenrun-a65a24ff-ea15-4446-ba15-480f7a79255c] INFO  o.eclipse.m2e.core.internal.Bundles - 	Entry: D:\curso entra21\eclipse\plugins\org.eclipse.m2e.maven.runtime_3.9.900.20250220-2013\jars\org.eclipse.sisu.plexus-0.9.0.M3.jar
2025-08-05 23:08:11,929 [Worker-22: Launching mavenrun-a65a24ff-ea15-4446-ba15-480f7a79255c] INFO  o.eclipse.m2e.core.internal.Bundles - 	Entry: D:\curso entra21\eclipse\plugins\org.eclipse.m2e.maven.runtime_3.9.900.20250220-2013\jars\plexus-build-api-0.0.7.jar
2025-08-05 23:08:11,929 [Worker-22: Launching mavenrun-a65a24ff-ea15-4446-ba15-480f7a79255c] INFO  o.eclipse.m2e.core.internal.Bundles - 	Entry: D:\curso entra21\eclipse\plugins\org.eclipse.m2e.maven.runtime_3.9.900.20250220-2013\jars\plexus-build-api-1.2.0.jar
2025-08-05 23:08:11,929 [Worker-22: Launching mavenrun-a65a24ff-ea15-4446-ba15-480f7a79255c] INFO  o.eclipse.m2e.core.internal.Bundles - 	Entry: D:\curso entra21\eclipse\plugins\org.eclipse.m2e.maven.runtime_3.9.900.20250220-2013\jars\plexus-cipher-2.0.jar
2025-08-05 23:08:11,929 [Worker-22: Launching mavenrun-a65a24ff-ea15-4446-ba15-480f7a79255c] INFO  o.eclipse.m2e.core.internal.Bundles - 	Entry: D:\curso entra21\eclipse\plugins\org.eclipse.m2e.maven.runtime_3.9.900.20250220-2013\jars\plexus-classworlds-2.8.0.jar
2025-08-05 23:08:11,929 [Worker-22: Launching mavenrun-a65a24ff-ea15-4446-ba15-480f7a79255c] INFO  o.eclipse.m2e.core.internal.Bundles - 	Entry: D:\curso entra21\eclipse\plugins\org.eclipse.m2e.maven.runtime_3.9.900.20250220-2013\jars\plexus-component-annotations-2.1.0.jar
2025-08-05 23:08:11,929 [Worker-22: Launching mavenrun-a65a24ff-ea15-4446-ba15-480f7a79255c] INFO  o.eclipse.m2e.core.internal.Bundles - 	Entry: D:\curso entra21\eclipse\plugins\org.eclipse.m2e.maven.runtime_3.9.900.20250220-2013\jars\plexus-interpolation-1.27.jar
2025-08-05 23:08:11,929 [Worker-22: Launching mavenrun-a65a24ff-ea15-4446-ba15-480f7a79255c] INFO  o.eclipse.m2e.core.internal.Bundles - 	Entry: D:\curso entra21\eclipse\plugins\org.eclipse.m2e.maven.runtime_3.9.900.20250220-2013\jars\plexus-sec-dispatcher-2.0.jar
2025-08-05 23:08:11,931 [Worker-22: Launching mavenrun-a65a24ff-ea15-4446-ba15-480f7a79255c] INFO  o.eclipse.m2e.core.internal.Bundles - 	Entry: D:\curso entra21\eclipse\plugins\org.eclipse.m2e.maven.runtime_3.9.900.20250220-2013\jars\plexus-utils-3.5.1.jar
2025-08-05 23:08:11,931 [Worker-22: Launching mavenrun-a65a24ff-ea15-4446-ba15-480f7a79255c] INFO  o.eclipse.m2e.core.internal.Bundles - 	Entry: D:\curso entra21\eclipse\plugins\org.eclipse.m2e.maven.runtime_3.9.900.20250220-2013\jars\plexus-xml-3.0.1.jar
2025-08-05 23:08:11,931 [Worker-22: Launching mavenrun-a65a24ff-ea15-4446-ba15-480f7a79255c] INFO  o.eclipse.m2e.core.internal.Bundles - 	Entry: D:\curso entra21\eclipse\plugins\org.eclipse.m2e.maven.runtime_3.9.900.20250220-2013\jars\wagon-file-3.5.3.jar
2025-08-05 23:08:11,931 [Worker-22: Launching mavenrun-a65a24ff-ea15-4446-ba15-480f7a79255c] INFO  o.eclipse.m2e.core.internal.Bundles - 	Entry: D:\curso entra21\eclipse\plugins\org.eclipse.m2e.maven.runtime_3.9.900.20250220-2013\jars\wagon-http-3.5.3.jar
2025-08-05 23:08:11,931 [Worker-22: Launching mavenrun-a65a24ff-ea15-4446-ba15-480f7a79255c] INFO  o.eclipse.m2e.core.internal.Bundles - 	Entry: D:\curso entra21\eclipse\plugins\org.eclipse.m2e.maven.runtime_3.9.900.20250220-2013\jars\wagon-http-shared-3.5.3.jar
2025-08-05 23:08:11,931 [Worker-22: Launching mavenrun-a65a24ff-ea15-4446-ba15-480f7a79255c] INFO  o.eclipse.m2e.core.internal.Bundles - 	Entry: D:\curso entra21\eclipse\plugins\org.eclipse.m2e.maven.runtime_3.9.900.20250220-2013\jars\wagon-provider-api-3.5.3.jar
2025-08-05 23:08:11,933 [Worker-22: Launching mavenrun-a65a24ff-ea15-4446-ba15-480f7a79255c] INFO  o.eclipse.m2e.core.internal.Bundles - getClasspathEntries(Bundle=com.google.guava_33.4.0.jre [16])
2025-08-05 23:08:11,934 [Worker-22: Launching mavenrun-a65a24ff-ea15-4446-ba15-480f7a79255c] INFO  o.eclipse.m2e.core.internal.Bundles - 	Entry: D:\curso entra21\eclipse\plugins\com.google.guava_33.4.0.jre.jar
2025-08-05 23:08:11,934 [Worker-22: Launching mavenrun-a65a24ff-ea15-4446-ba15-480f7a79255c] INFO  o.eclipse.m2e.core.internal.Bundles - getClasspathEntries(Bundle=slf4j.api_2.0.16 [1005])
2025-08-05 23:08:11,934 [Worker-22: Launching mavenrun-a65a24ff-ea15-4446-ba15-480f7a79255c] INFO  o.eclipse.m2e.core.internal.Bundles - 	Entry: D:\curso entra21\eclipse\plugins\slf4j.api_2.0.16.jar
2025-08-05 23:08:11,934 [Worker-22: Launching mavenrun-a65a24ff-ea15-4446-ba15-480f7a79255c] INFO  o.eclipse.m2e.core.internal.Bundles - getClasspathEntries(Bundle=jakarta.inject.jakarta.inject-api_1.0.5 [34])
2025-08-05 23:08:11,936 [Worker-22: Launching mavenrun-a65a24ff-ea15-4446-ba15-480f7a79255c] INFO  o.eclipse.m2e.core.internal.Bundles - 	Entry: D:\curso entra21\eclipse\plugins\jakarta.inject.jakarta.inject-api_1.0.5.jar
2025-08-05 23:08:11,936 [Worker-22: Launching mavenrun-a65a24ff-ea15-4446-ba15-480f7a79255c] INFO  o.eclipse.m2e.core.internal.Bundles - getClasspathEntries(Bundle=jakarta.annotation-api_1.3.5 [29])
2025-08-05 23:08:11,937 [Worker-22: Launching mavenrun-a65a24ff-ea15-4446-ba15-480f7a79255c] INFO  o.eclipse.m2e.core.internal.Bundles - 	Entry: D:\curso entra21\eclipse\plugins\jakarta.annotation-api_1.3.5.jar
2025-08-05 23:08:11,937 [Worker-22: Launching mavenrun-a65a24ff-ea15-4446-ba15-480f7a79255c] INFO  o.eclipse.m2e.core.internal.Bundles - getClasspathEntries(Bundle=org.apache.commons.cli_1.9.0 [74])
2025-08-05 23:08:11,938 [Worker-22: Launching mavenrun-a65a24ff-ea15-4446-ba15-480f7a79255c] INFO  o.eclipse.m2e.core.internal.Bundles - 	Entry: D:\curso entra21\eclipse\plugins\org.apache.commons.cli_1.9.0.jar
2025-08-05 23:08:11,938 [Worker-22: Launching mavenrun-a65a24ff-ea15-4446-ba15-480f7a79255c] INFO  o.eclipse.m2e.core.internal.Bundles - getClasspathEntries(Bundle=org.apache.commons.commons-codec_1.16.0 [76])
2025-08-05 23:08:11,939 [Worker-22: Launching mavenrun-a65a24ff-ea15-4446-ba15-480f7a79255c] INFO  o.eclipse.m2e.core.internal.Bundles - 	Entry: D:\curso entra21\eclipse\plugins\org.apache.commons.commons-codec_1.16.0.jar
2025-08-05 23:08:11,939 [Worker-22: Launching mavenrun-a65a24ff-ea15-4446-ba15-480f7a79255c] INFO  o.eclipse.m2e.core.internal.Bundles - getClasspathEntries(Bundle=com.google.guava.failureaccess_1.0.2 [17])
2025-08-05 23:08:11,939 [Worker-22: Launching mavenrun-a65a24ff-ea15-4446-ba15-480f7a79255c] INFO  o.eclipse.m2e.core.internal.Bundles - 	Entry: D:\curso entra21\eclipse\plugins\com.google.guava.failureaccess_1.0.2.jar
2025-08-05 23:08:11,947 [Worker-22: Launching mavenrun-a65a24ff-ea15-4446-ba15-480f7a79255c] INFO  o.e.m.i.launch.MavenLaunchDelegate - Run build in "C:\Users\USURIO~2\AppData\Local\Temp\m2e-archetypeGenerator15997718617508765203":
2025-08-05 23:08:11,953 [Worker-22: Launching mavenrun-a65a24ff-ea15-4446-ba15-480f7a79255c] INFO  o.e.m.i.launch.MavenLaunchDelegate -  mvn  -DarchetypeGroupId=org.apache.maven.archetypes -DarchetypeArtifactId=maven-archetype-webapp -DarchetypeVersion=1.5 -DgroupId=br.senac -DartifactId=tarefas -Dversion=0.0.1-SNAPSHOT -Dpackage=br.senac.tarefas -DoutputDirectory=C:\TarefasProjeto\Projeto -Dstyle.color=always -U archetype:generate
2025-08-05 23:17:19,590 [Worker-32: Launching mavenrun-d47b7acd-7e1f-434f-82a7-a581b7aca624] INFO  o.eclipse.m2e.core.internal.Bundles - getClasspathEntries(Bundle=org.eclipse.m2e.maven.runtime_3.9.900.20250220-2013 [638])
2025-08-05 23:17:19,661 [Worker-32: Launching mavenrun-d47b7acd-7e1f-434f-82a7-a581b7aca624] INFO  o.eclipse.m2e.core.internal.Bundles - 	Entry: D:\curso entra21\eclipse\plugins\org.eclipse.m2e.maven.runtime_3.9.900.20250220-2013
2025-08-05 23:17:19,661 [Worker-32: Launching mavenrun-d47b7acd-7e1f-434f-82a7-a581b7aca624] INFO  o.eclipse.m2e.core.internal.Bundles - 	Entry: D:\curso entra21\eclipse\plugins\org.eclipse.m2e.maven.runtime_3.9.900.20250220-2013\jars\aopalliance-1.0.jar
2025-08-05 23:17:19,661 [Worker-32: Launching mavenrun-d47b7acd-7e1f-434f-82a7-a581b7aca624] INFO  o.eclipse.m2e.core.internal.Bundles - 	Entry: D:\curso entra21\eclipse\plugins\org.eclipse.m2e.maven.runtime_3.9.900.20250220-2013\jars\guice-5.1.0.jar
2025-08-05 23:17:19,662 [Worker-32: Launching mavenrun-d47b7acd-7e1f-434f-82a7-a581b7aca624] INFO  o.eclipse.m2e.core.internal.Bundles - 	Entry: D:\curso entra21\eclipse\plugins\org.eclipse.m2e.maven.runtime_3.9.900.20250220-2013\jars\httpclient-4.5.14.jar
2025-08-05 23:17:19,662 [Worker-32: Launching mavenrun-d47b7acd-7e1f-434f-82a7-a581b7aca624] INFO  o.eclipse.m2e.core.internal.Bundles - 	Entry: D:\curso entra21\eclipse\plugins\org.eclipse.m2e.maven.runtime_3.9.900.20250220-2013\jars\httpcore-4.4.16.jar
2025-08-05 23:17:19,662 [Worker-32: Launching mavenrun-d47b7acd-7e1f-434f-82a7-a581b7aca624] INFO  o.eclipse.m2e.core.internal.Bundles - 	Entry: D:\curso entra21\eclipse\plugins\org.eclipse.m2e.maven.runtime_3.9.900.20250220-2013\jars\jansi-2.4.1.jar
2025-08-05 23:17:19,663 [Worker-32: Launching mavenrun-d47b7acd-7e1f-434f-82a7-a581b7aca624] INFO  o.eclipse.m2e.core.internal.Bundles - 	Entry: D:\curso entra21\eclipse\plugins\org.eclipse.m2e.maven.runtime_3.9.900.20250220-2013\jars\jcl-over-slf4j-1.7.36.jar
2025-08-05 23:17:19,663 [Worker-32: Launching mavenrun-d47b7acd-7e1f-434f-82a7-a581b7aca624] INFO  o.eclipse.m2e.core.internal.Bundles - 	Entry: D:\curso entra21\eclipse\plugins\org.eclipse.m2e.maven.runtime_3.9.900.20250220-2013\jars\maven-artifact-3.9.9.jar
2025-08-05 23:17:19,663 [Worker-32: Launching mavenrun-d47b7acd-7e1f-434f-82a7-a581b7aca624] INFO  o.eclipse.m2e.core.internal.Bundles - 	Entry: D:\curso entra21\eclipse\plugins\org.eclipse.m2e.maven.runtime_3.9.900.20250220-2013\jars\maven-builder-support-3.9.9.jar
2025-08-05 23:17:19,663 [Worker-32: Launching mavenrun-d47b7acd-7e1f-434f-82a7-a581b7aca624] INFO  o.eclipse.m2e.core.internal.Bundles - 	Entry: D:\curso entra21\eclipse\plugins\org.eclipse.m2e.maven.runtime_3.9.900.20250220-2013\jars\maven-compat-3.9.9.jar
2025-08-05 23:17:19,663 [Worker-32: Launching mavenrun-d47b7acd-7e1f-434f-82a7-a581b7aca624] INFO  o.eclipse.m2e.core.internal.Bundles - 	Entry: D:\curso entra21\eclipse\plugins\org.eclipse.m2e.maven.runtime_3.9.900.20250220-2013\jars\maven-core-3.9.9.jar
2025-08-05 23:17:19,664 [Worker-32: Launching mavenrun-d47b7acd-7e1f-434f-82a7-a581b7aca624] INFO  o.eclipse.m2e.core.internal.Bundles - 	Entry: D:\curso entra21\eclipse\plugins\org.eclipse.m2e.maven.runtime_3.9.900.20250220-2013\jars\maven-embedder-3.9.9.jar
2025-08-05 23:17:19,664 [Worker-32: Launching mavenrun-d47b7acd-7e1f-434f-82a7-a581b7aca624] INFO  o.eclipse.m2e.core.internal.Bundles - 	Entry: D:\curso entra21\eclipse\plugins\org.eclipse.m2e.maven.runtime_3.9.900.20250220-2013\jars\maven-model-3.9.9.jar
2025-08-05 23:17:19,664 [Worker-32: Launching mavenrun-d47b7acd-7e1f-434f-82a7-a581b7aca624] INFO  o.eclipse.m2e.core.internal.Bundles - 	Entry: D:\curso entra21\eclipse\plugins\org.eclipse.m2e.maven.runtime_3.9.900.20250220-2013\jars\maven-model-builder-3.9.9.jar
2025-08-05 23:17:19,664 [Worker-32: Launching mavenrun-d47b7acd-7e1f-434f-82a7-a581b7aca624] INFO  o.eclipse.m2e.core.internal.Bundles - 	Entry: D:\curso entra21\eclipse\plugins\org.eclipse.m2e.maven.runtime_3.9.900.20250220-2013\jars\maven-plugin-api-3.9.9.jar
2025-08-05 23:17:19,664 [Worker-32: Launching mavenrun-d47b7acd-7e1f-434f-82a7-a581b7aca624] INFO  o.eclipse.m2e.core.internal.Bundles - 	Entry: D:\curso entra21\eclipse\plugins\org.eclipse.m2e.maven.runtime_3.9.900.20250220-2013\jars\maven-repository-metadata-3.9.9.jar
2025-08-05 23:17:19,664 [Worker-32: Launching mavenrun-d47b7acd-7e1f-434f-82a7-a581b7aca624] INFO  o.eclipse.m2e.core.internal.Bundles - 	Entry: D:\curso entra21\eclipse\plugins\org.eclipse.m2e.maven.runtime_3.9.900.20250220-2013\jars\maven-resolver-api-1.9.22.jar
2025-08-05 23:17:19,665 [Worker-32: Launching mavenrun-d47b7acd-7e1f-434f-82a7-a581b7aca624] INFO  o.eclipse.m2e.core.internal.Bundles - 	Entry: D:\curso entra21\eclipse\plugins\org.eclipse.m2e.maven.runtime_3.9.900.20250220-2013\jars\maven-resolver-connector-basic-1.9.22.jar
2025-08-05 23:17:19,665 [Worker-32: Launching mavenrun-d47b7acd-7e1f-434f-82a7-a581b7aca624] INFO  o.eclipse.m2e.core.internal.Bundles - 	Entry: D:\curso entra21\eclipse\plugins\org.eclipse.m2e.maven.runtime_3.9.900.20250220-2013\jars\maven-resolver-impl-1.9.22.jar
2025-08-05 23:17:19,665 [Worker-32: Launching mavenrun-d47b7acd-7e1f-434f-82a7-a581b7aca624] INFO  o.eclipse.m2e.core.internal.Bundles - 	Entry: D:\curso entra21\eclipse\plugins\org.eclipse.m2e.maven.runtime_3.9.900.20250220-2013\jars\maven-resolver-named-locks-1.9.22.jar
2025-08-05 23:17:19,666 [Worker-32: Launching mavenrun-d47b7acd-7e1f-434f-82a7-a581b7aca624] INFO  o.eclipse.m2e.core.internal.Bundles - 	Entry: D:\curso entra21\eclipse\plugins\org.eclipse.m2e.maven.runtime_3.9.900.20250220-2013\jars\maven-resolver-provider-3.9.9.jar
2025-08-05 23:17:19,666 [Worker-32: Launching mavenrun-d47b7acd-7e1f-434f-82a7-a581b7aca624] INFO  o.eclipse.m2e.core.internal.Bundles - 	Entry: D:\curso entra21\eclipse\plugins\org.eclipse.m2e.maven.runtime_3.9.900.20250220-2013\jars\maven-resolver-spi-1.9.22.jar
2025-08-05 23:17:19,666 [Worker-32: Launching mavenrun-d47b7acd-7e1f-434f-82a7-a581b7aca624] INFO  o.eclipse.m2e.core.internal.Bundles - 	Entry: D:\curso entra21\eclipse\plugins\org.eclipse.m2e.maven.runtime_3.9.900.20250220-2013\jars\maven-resolver-transport-file-1.9.22.jar
2025-08-05 23:17:19,666 [Worker-32: Launching mavenrun-d47b7acd-7e1f-434f-82a7-a581b7aca624] INFO  o.eclipse.m2e.core.internal.Bundles - 	Entry: D:\curso entra21\eclipse\plugins\org.eclipse.m2e.maven.runtime_3.9.900.20250220-2013\jars\maven-resolver-transport-http-1.9.22.jar
2025-08-05 23:17:19,666 [Worker-32: Launching mavenrun-d47b7acd-7e1f-434f-82a7-a581b7aca624] INFO  o.eclipse.m2e.core.internal.Bundles - 	Entry: D:\curso entra21\eclipse\plugins\org.eclipse.m2e.maven.runtime_3.9.900.20250220-2013\jars\maven-resolver-transport-wagon-1.9.22.jar
2025-08-05 23:17:19,667 [Worker-32: Launching mavenrun-d47b7acd-7e1f-434f-82a7-a581b7aca624] INFO  o.eclipse.m2e.core.internal.Bundles - 	Entry: D:\curso entra21\eclipse\plugins\org.eclipse.m2e.maven.runtime_3.9.900.20250220-2013\jars\maven-resolver-util-1.9.22.jar
2025-08-05 23:17:19,667 [Worker-32: Launching mavenrun-d47b7acd-7e1f-434f-82a7-a581b7aca624] INFO  o.eclipse.m2e.core.internal.Bundles - 	Entry: D:\curso entra21\eclipse\plugins\org.eclipse.m2e.maven.runtime_3.9.900.20250220-2013\jars\maven-settings-3.9.9.jar
2025-08-05 23:17:19,667 [Worker-32: Launching mavenrun-d47b7acd-7e1f-434f-82a7-a581b7aca624] INFO  o.eclipse.m2e.core.internal.Bundles - 	Entry: D:\curso entra21\eclipse\plugins\org.eclipse.m2e.maven.runtime_3.9.900.20250220-2013\jars\maven-settings-builder-3.9.9.jar
2025-08-05 23:17:19,667 [Worker-32: Launching mavenrun-d47b7acd-7e1f-434f-82a7-a581b7aca624] INFO  o.eclipse.m2e.core.internal.Bundles - 	Entry: D:\curso entra21\eclipse\plugins\org.eclipse.m2e.maven.runtime_3.9.900.20250220-2013\jars\maven-shared-utils-3.4.2.jar
2025-08-05 23:17:19,667 [Worker-32: Launching mavenrun-d47b7acd-7e1f-434f-82a7-a581b7aca624] INFO  o.eclipse.m2e.core.internal.Bundles - 	Entry: D:\curso entra21\eclipse\plugins\org.eclipse.m2e.maven.runtime_3.9.900.20250220-2013\jars\org.eclipse.sisu.inject-0.9.0.M3.jar
2025-08-05 23:17:19,668 [Worker-32: Launching mavenrun-d47b7acd-7e1f-434f-82a7-a581b7aca624] INFO  o.eclipse.m2e.core.internal.Bundles - 	Entry: D:\curso entra21\eclipse\plugins\org.eclipse.m2e.maven.runtime_3.9.900.20250220-2013\jars\org.eclipse.sisu.plexus-0.9.0.M3.jar
2025-08-05 23:17:19,668 [Worker-32: Launching mavenrun-d47b7acd-7e1f-434f-82a7-a581b7aca624] INFO  o.eclipse.m2e.core.internal.Bundles - 	Entry: D:\curso entra21\eclipse\plugins\org.eclipse.m2e.maven.runtime_3.9.900.20250220-2013\jars\plexus-build-api-0.0.7.jar
2025-08-05 23:17:19,668 [Worker-32: Launching mavenrun-d47b7acd-7e1f-434f-82a7-a581b7aca624] INFO  o.eclipse.m2e.core.internal.Bundles - 	Entry: D:\curso entra21\eclipse\plugins\org.eclipse.m2e.maven.runtime_3.9.900.20250220-2013\jars\plexus-build-api-1.2.0.jar
2025-08-05 23:17:19,668 [Worker-32: Launching mavenrun-d47b7acd-7e1f-434f-82a7-a581b7aca624] INFO  o.eclipse.m2e.core.internal.Bundles - 	Entry: D:\curso entra21\eclipse\plugins\org.eclipse.m2e.maven.runtime_3.9.900.20250220-2013\jars\plexus-cipher-2.0.jar
2025-08-05 23:17:19,669 [Worker-32: Launching mavenrun-d47b7acd-7e1f-434f-82a7-a581b7aca624] INFO  o.eclipse.m2e.core.internal.Bundles - 	Entry: D:\curso entra21\eclipse\plugins\org.eclipse.m2e.maven.runtime_3.9.900.20250220-2013\jars\plexus-classworlds-2.8.0.jar
2025-08-05 23:17:19,669 [Worker-32: Launching mavenrun-d47b7acd-7e1f-434f-82a7-a581b7aca624] INFO  o.eclipse.m2e.core.internal.Bundles - 	Entry: D:\curso entra21\eclipse\plugins\org.eclipse.m2e.maven.runtime_3.9.900.20250220-2013\jars\plexus-component-annotations-2.1.0.jar
2025-08-05 23:17:19,669 [Worker-32: Launching mavenrun-d47b7acd-7e1f-434f-82a7-a581b7aca624] INFO  o.eclipse.m2e.core.internal.Bundles - 	Entry: D:\curso entra21\eclipse\plugins\org.eclipse.m2e.maven.runtime_3.9.900.20250220-2013\jars\plexus-interpolation-1.27.jar
2025-08-05 23:17:19,669 [Worker-32: Launching mavenrun-d47b7acd-7e1f-434f-82a7-a581b7aca624] INFO  o.eclipse.m2e.core.internal.Bundles - 	Entry: D:\curso entra21\eclipse\plugins\org.eclipse.m2e.maven.runtime_3.9.900.20250220-2013\jars\plexus-sec-dispatcher-2.0.jar
2025-08-05 23:17:19,669 [Worker-32: Launching mavenrun-d47b7acd-7e1f-434f-82a7-a581b7aca624] INFO  o.eclipse.m2e.core.internal.Bundles - 	Entry: D:\curso entra21\eclipse\plugins\org.eclipse.m2e.maven.runtime_3.9.900.20250220-2013\jars\plexus-utils-3.5.1.jar
2025-08-05 23:17:19,671 [Worker-32: Launching mavenrun-d47b7acd-7e1f-434f-82a7-a581b7aca624] INFO  o.eclipse.m2e.core.internal.Bundles - 	Entry: D:\curso entra21\eclipse\plugins\org.eclipse.m2e.maven.runtime_3.9.900.20250220-2013\jars\plexus-xml-3.0.1.jar
2025-08-05 23:17:19,671 [Worker-32: Launching mavenrun-d47b7acd-7e1f-434f-82a7-a581b7aca624] INFO  o.eclipse.m2e.core.internal.Bundles - 	Entry: D:\curso entra21\eclipse\plugins\org.eclipse.m2e.maven.runtime_3.9.900.20250220-2013\jars\wagon-file-3.5.3.jar
2025-08-05 23:17:19,671 [Worker-32: Launching mavenrun-d47b7acd-7e1f-434f-82a7-a581b7aca624] INFO  o.eclipse.m2e.core.internal.Bundles - 	Entry: D:\curso entra21\eclipse\plugins\org.eclipse.m2e.maven.runtime_3.9.900.20250220-2013\jars\wagon-http-3.5.3.jar
2025-08-05 23:17:19,671 [Worker-32: Launching mavenrun-d47b7acd-7e1f-434f-82a7-a581b7aca624] INFO  o.eclipse.m2e.core.internal.Bundles - 	Entry: D:\curso entra21\eclipse\plugins\org.eclipse.m2e.maven.runtime_3.9.900.20250220-2013\jars\wagon-http-shared-3.5.3.jar
2025-08-05 23:17:19,672 [Worker-32: Launching mavenrun-d47b7acd-7e1f-434f-82a7-a581b7aca624] INFO  o.eclipse.m2e.core.internal.Bundles - 	Entry: D:\curso entra21\eclipse\plugins\org.eclipse.m2e.maven.runtime_3.9.900.20250220-2013\jars\wagon-provider-api-3.5.3.jar
2025-08-05 23:17:19,672 [Worker-32: Launching mavenrun-d47b7acd-7e1f-434f-82a7-a581b7aca624] INFO  o.eclipse.m2e.core.internal.Bundles - getClasspathEntries(Bundle=com.google.guava_33.4.0.jre [16])
2025-08-05 23:17:19,673 [Worker-32: Launching mavenrun-d47b7acd-7e1f-434f-82a7-a581b7aca624] INFO  o.eclipse.m2e.core.internal.Bundles - 	Entry: D:\curso entra21\eclipse\plugins\com.google.guava_33.4.0.jre.jar
2025-08-05 23:17:19,673 [Worker-32: Launching mavenrun-d47b7acd-7e1f-434f-82a7-a581b7aca624] INFO  o.eclipse.m2e.core.internal.Bundles - getClasspathEntries(Bundle=slf4j.api_2.0.16 [1005])
2025-08-05 23:17:19,675 [Worker-32: Launching mavenrun-d47b7acd-7e1f-434f-82a7-a581b7aca624] INFO  o.eclipse.m2e.core.internal.Bundles - 	Entry: D:\curso entra21\eclipse\plugins\slf4j.api_2.0.16.jar
2025-08-05 23:17:19,675 [Worker-32: Launching mavenrun-d47b7acd-7e1f-434f-82a7-a581b7aca624] INFO  o.eclipse.m2e.core.internal.Bundles - getClasspathEntries(Bundle=jakarta.inject.jakarta.inject-api_1.0.5 [34])
2025-08-05 23:17:19,676 [Worker-32: Launching mavenrun-d47b7acd-7e1f-434f-82a7-a581b7aca624] INFO  o.eclipse.m2e.core.internal.Bundles - 	Entry: D:\curso entra21\eclipse\plugins\jakarta.inject.jakarta.inject-api_1.0.5.jar
2025-08-05 23:17:19,676 [Worker-32: Launching mavenrun-d47b7acd-7e1f-434f-82a7-a581b7aca624] INFO  o.eclipse.m2e.core.internal.Bundles - getClasspathEntries(Bundle=jakarta.annotation-api_1.3.5 [29])
2025-08-05 23:17:19,677 [Worker-32: Launching mavenrun-d47b7acd-7e1f-434f-82a7-a581b7aca624] INFO  o.eclipse.m2e.core.internal.Bundles - 	Entry: D:\curso entra21\eclipse\plugins\jakarta.annotation-api_1.3.5.jar
2025-08-05 23:17:19,677 [Worker-32: Launching mavenrun-d47b7acd-7e1f-434f-82a7-a581b7aca624] INFO  o.eclipse.m2e.core.internal.Bundles - getClasspathEntries(Bundle=org.apache.commons.cli_1.9.0 [74])
2025-08-05 23:17:19,678 [Worker-32: Launching mavenrun-d47b7acd-7e1f-434f-82a7-a581b7aca624] INFO  o.eclipse.m2e.core.internal.Bundles - 	Entry: D:\curso entra21\eclipse\plugins\org.apache.commons.cli_1.9.0.jar
2025-08-05 23:17:19,678 [Worker-32: Launching mavenrun-d47b7acd-7e1f-434f-82a7-a581b7aca624] INFO  o.eclipse.m2e.core.internal.Bundles - getClasspathEntries(Bundle=org.apache.commons.commons-codec_1.16.0 [76])
2025-08-05 23:17:19,679 [Worker-32: Launching mavenrun-d47b7acd-7e1f-434f-82a7-a581b7aca624] INFO  o.eclipse.m2e.core.internal.Bundles - 	Entry: D:\curso entra21\eclipse\plugins\org.apache.commons.commons-codec_1.16.0.jar
2025-08-05 23:17:19,679 [Worker-32: Launching mavenrun-d47b7acd-7e1f-434f-82a7-a581b7aca624] INFO  o.eclipse.m2e.core.internal.Bundles - getClasspathEntries(Bundle=com.google.guava.failureaccess_1.0.2 [17])
2025-08-05 23:17:19,680 [Worker-32: Launching mavenrun-d47b7acd-7e1f-434f-82a7-a581b7aca624] INFO  o.eclipse.m2e.core.internal.Bundles - 	Entry: D:\curso entra21\eclipse\plugins\com.google.guava.failureaccess_1.0.2.jar
2025-08-05 23:17:19,682 [Worker-32: Launching mavenrun-d47b7acd-7e1f-434f-82a7-a581b7aca624] INFO  o.e.m.i.launch.MavenLaunchDelegate - Run build in "C:\Users\USURIO~2\AppData\Local\Temp\m2e-archetypeGenerator5165064386653459378":
2025-08-05 23:17:19,684 [Worker-32: Launching mavenrun-d47b7acd-7e1f-434f-82a7-a581b7aca624] INFO  o.e.m.i.launch.MavenLaunchDelegate -  mvn  -DarchetypeGroupId=org.apache.maven.archetypes -DarchetypeArtifactId=maven-archetype-webapp -DarchetypeVersion=1.5 -DgroupId=br.senac -DartifactId=Tarefas -Dversion=0.0.1-SNAPSHOT -Dpackage=br.senac.Tarefas -DoutputDirectory=C:\TarefasProjeto\Projeto -Dstyle.color=always -U archetype:generate
2025-08-05 23:17:37,477 [Worker-39: Creating maven-archetype-webapp] INFO  o.e.m.c.i.p.ProjectConfigurationManager - Collecting project info '/pom.xml' C:\TarefasProjeto\Projeto\Tarefas\pom.xml
2025-08-05 23:17:37,944 [Worker-39: Creating maven-archetype-webapp] INFO  o.e.m.c.i.e.AbstractTransferListenerAdapter - Downloading https://repo.maven.apache.org/maven2/org/apache/maven/plugins/maven-clean-plugin/3.4.0/maven-clean-plugin-3.4.0.jar
2025-08-05 23:17:37,961 [Worker-39: Creating maven-archetype-webapp] INFO  o.e.m.c.i.e.AbstractTransferListenerAdapter - Downloaded https://repo.maven.apache.org/maven2/org/apache/maven/plugins/maven-clean-plugin/3.4.0/maven-clean-plugin-3.4.0.jar
2025-08-05 23:17:38,019 [Worker-39: Creating maven-archetype-webapp] INFO  o.e.m.c.i.e.AbstractTransferListenerAdapter - Downloading https://repo.maven.apache.org/maven2/org/apache/maven/plugins/maven-surefire-plugin/3.3.0/maven-surefire-plugin-3.3.0.jar
2025-08-05 23:17:38,028 [Worker-39: Creating maven-archetype-webapp] INFO  o.e.m.c.i.e.AbstractTransferListenerAdapter - Downloaded https://repo.maven.apache.org/maven2/org/apache/maven/plugins/maven-surefire-plugin/3.3.0/maven-surefire-plugin-3.3.0.jar
2025-08-05 23:17:38,066 [Worker-39: Creating maven-archetype-webapp] INFO  o.e.m.c.i.e.AbstractTransferListenerAdapter - Downloading https://repo.maven.apache.org/maven2/org/apache/maven/plugins/maven-war-plugin/3.4.0/maven-war-plugin-3.4.0.jar
2025-08-05 23:17:38,086 [Worker-39: Creating maven-archetype-webapp] INFO  o.e.m.c.i.e.AbstractTransferListenerAdapter - Downloaded https://repo.maven.apache.org/maven2/org/apache/maven/plugins/maven-war-plugin/3.4.0/maven-war-plugin-3.4.0.jar
2025-08-05 23:17:38,612 [Worker-39: Creating maven-archetype-webapp] INFO  o.e.m.c.i.l.LifecycleMappingFactory - Using org.maven.ide.eclipse.wtp.WarLifecycleMapping lifecycle mapping for MavenProject: br.senac:Tarefas:0.0.1-SNAPSHOT @ C:\TarefasProjeto\Projeto\Tarefas\pom.xml.
2025-08-05 23:17:38,643 [Worker-39: Creating maven-archetype-webapp] INFO  o.e.m.c.i.e.AbstractTransferListenerAdapter - Downloading https://repo.maven.apache.org/maven2/junit/junit/4.13.1/junit-4.13.1.pom
2025-08-05 23:17:38,651 [Worker-39: Creating maven-archetype-webapp] INFO  o.e.m.c.i.e.AbstractTransferListenerAdapter - Downloaded https://repo.maven.apache.org/maven2/junit/junit/4.13.1/junit-4.13.1.pom
2025-08-05 23:17:38,686 [Worker-39: Creating maven-archetype-webapp] INFO  o.e.m.c.i.e.AbstractTransferListenerAdapter - Downloading https://repo.maven.apache.org/maven2/org/hamcrest/hamcrest-core/1.3/hamcrest-core-1.3.pom
2025-08-05 23:17:38,695 [Worker-39: Creating maven-archetype-webapp] INFO  o.e.m.c.i.e.AbstractTransferListenerAdapter - Downloaded https://repo.maven.apache.org/maven2/org/hamcrest/hamcrest-core/1.3/hamcrest-core-1.3.pom
2025-08-05 23:17:38,726 [Worker-39: Creating maven-archetype-webapp] INFO  o.e.m.c.i.e.AbstractTransferListenerAdapter - Downloading https://repo.maven.apache.org/maven2/org/hamcrest/hamcrest-parent/1.3/hamcrest-parent-1.3.pom
2025-08-05 23:17:38,733 [Worker-39: Creating maven-archetype-webapp] INFO  o.e.m.c.i.e.AbstractTransferListenerAdapter - Downloaded https://repo.maven.apache.org/maven2/org/hamcrest/hamcrest-parent/1.3/hamcrest-parent-1.3.pom
2025-08-05 23:17:38,765 [Worker-39: Creating maven-archetype-webapp] INFO  o.e.m.c.i.e.AbstractTransferListenerAdapter - Downloading https://repo.maven.apache.org/maven2/junit/junit/4.13.1/junit-4.13.1.jar
2025-08-05 23:17:38,809 [Worker-39: Creating maven-archetype-webapp] INFO  o.e.m.c.i.e.AbstractTransferListenerAdapter - Downloaded https://repo.maven.apache.org/maven2/junit/junit/4.13.1/junit-4.13.1.jar
2025-08-05 23:17:38,828 [BasicRepositoryConnector-repo.maven.apache.org-0-0] INFO  o.e.m.c.i.e.AbstractTransferListenerAdapter - Downloading https://repo.maven.apache.org/maven2/org/hamcrest/hamcrest-core/1.3/hamcrest-core-1.3.jar
2025-08-05 23:17:38,835 [BasicRepositoryConnector-repo.maven.apache.org-0-0] INFO  o.e.m.c.i.e.AbstractTransferListenerAdapter - Downloaded https://repo.maven.apache.org/maven2/org/hamcrest/hamcrest-core/1.3/hamcrest-core-1.3.jar
2025-08-05 23:17:38,947 [Worker-39: Creating maven-archetype-webapp] INFO  o.e.m.c.i.e.AbstractTransferListenerAdapter - Downloading https://repo.maven.apache.org/maven2/org/apache/maven/plugins/maven-surefire-plugin/3.3.0/maven-surefire-plugin-3.3.0.pom
2025-08-05 23:17:38,959 [Worker-39: Creating maven-archetype-webapp] INFO  o.e.m.c.i.e.AbstractTransferListenerAdapter - Downloaded https://repo.maven.apache.org/maven2/org/apache/maven/plugins/maven-surefire-plugin/3.3.0/maven-surefire-plugin-3.3.0.pom
2025-08-05 23:17:38,989 [Worker-39: Creating maven-archetype-webapp] INFO  o.e.m.c.i.e.AbstractTransferListenerAdapter - Downloading https://repo.maven.apache.org/maven2/org/apache/maven/surefire/surefire/3.3.0/surefire-3.3.0.pom
2025-08-05 23:17:38,997 [Worker-39: Creating maven-archetype-webapp] INFO  o.e.m.c.i.e.AbstractTransferListenerAdapter - Downloaded https://repo.maven.apache.org/maven2/org/apache/maven/surefire/surefire/3.3.0/surefire-3.3.0.pom
2025-08-05 23:17:39,056 [Worker-39: Creating maven-archetype-webapp] INFO  o.e.m.c.i.e.AbstractTransferListenerAdapter - Downloading https://repo.maven.apache.org/maven2/org/apache/maven/plugins/maven-war-plugin/3.4.0/maven-war-plugin-3.4.0.pom
2025-08-05 23:17:39,063 [Worker-39: Creating maven-archetype-webapp] INFO  o.e.m.c.i.e.AbstractTransferListenerAdapter - Downloaded https://repo.maven.apache.org/maven2/org/apache/maven/plugins/maven-war-plugin/3.4.0/maven-war-plugin-3.4.0.pom
2025-08-05 23:17:39,115 [Worker-39: Creating maven-archetype-webapp] INFO  o.e.m.c.i.e.AbstractTransferListenerAdapter - Downloading https://repo.maven.apache.org/maven2/org/apache/maven/maven-archiver/3.6.0/maven-archiver-3.6.0.pom
2025-08-05 23:17:39,122 [Worker-39: Creating maven-archetype-webapp] INFO  o.e.m.c.i.e.AbstractTransferListenerAdapter - Downloaded https://repo.maven.apache.org/maven2/org/apache/maven/maven-archiver/3.6.0/maven-archiver-3.6.0.pom
2025-08-05 23:17:39,164 [Worker-39: Creating maven-archetype-webapp] INFO  o.e.m.c.i.e.AbstractTransferListenerAdapter - Downloading https://repo.maven.apache.org/maven2/org/codehaus/plexus/plexus-io/3.4.0/plexus-io-3.4.0.pom
2025-08-05 23:17:39,171 [Worker-39: Creating maven-archetype-webapp] INFO  o.e.m.c.i.e.AbstractTransferListenerAdapter - Downloaded https://repo.maven.apache.org/maven2/org/codehaus/plexus/plexus-io/3.4.0/plexus-io-3.4.0.pom
2025-08-05 23:17:39,212 [Worker-39: Creating maven-archetype-webapp] INFO  o.e.m.c.i.e.AbstractTransferListenerAdapter - Downloading https://repo.maven.apache.org/maven2/org/codehaus/plexus/plexus-archiver/4.4.0/plexus-archiver-4.4.0.pom
2025-08-05 23:17:39,217 [Worker-39: Creating maven-archetype-webapp] INFO  o.e.m.c.i.e.AbstractTransferListenerAdapter - Downloaded https://repo.maven.apache.org/maven2/org/codehaus/plexus/plexus-archiver/4.4.0/plexus-archiver-4.4.0.pom
2025-08-05 23:17:39,246 [Worker-39: Creating maven-archetype-webapp] INFO  o.e.m.c.i.e.AbstractTransferListenerAdapter - Downloading https://repo.maven.apache.org/maven2/org/apache/commons/commons-compress/1.21/commons-compress-1.21.pom
2025-08-05 23:17:39,252 [Worker-39: Creating maven-archetype-webapp] INFO  o.e.m.c.i.e.AbstractTransferListenerAdapter - Downloaded https://repo.maven.apache.org/maven2/org/apache/commons/commons-compress/1.21/commons-compress-1.21.pom
2025-08-05 23:17:39,303 [Worker-39: Creating maven-archetype-webapp] INFO  o.e.m.c.i.e.AbstractTransferListenerAdapter - Downloading https://repo.maven.apache.org/maven2/commons-io/commons-io/2.13.0/commons-io-2.13.0.pom
2025-08-05 23:17:39,310 [Worker-39: Creating maven-archetype-webapp] INFO  o.e.m.c.i.e.AbstractTransferListenerAdapter - Downloaded https://repo.maven.apache.org/maven2/commons-io/commons-io/2.13.0/commons-io-2.13.0.pom
2025-08-05 23:17:39,341 [Worker-39: Creating maven-archetype-webapp] INFO  o.e.m.c.i.e.AbstractTransferListenerAdapter - Downloading https://repo.maven.apache.org/maven2/org/apache/commons/commons-parent/58/commons-parent-58.pom
2025-08-05 23:17:39,349 [Worker-39: Creating maven-archetype-webapp] INFO  o.e.m.c.i.e.AbstractTransferListenerAdapter - Downloaded https://repo.maven.apache.org/maven2/org/apache/commons/commons-parent/58/commons-parent-58.pom
2025-08-05 23:17:39,405 [Worker-39: Creating maven-archetype-webapp] INFO  o.e.m.c.i.e.AbstractTransferListenerAdapter - Downloading https://repo.maven.apache.org/maven2/org/codehaus/plexus/plexus-archiver/4.7.1/plexus-archiver-4.7.1.pom
2025-08-05 23:17:39,412 [Worker-39: Creating maven-archetype-webapp] INFO  o.e.m.c.i.e.AbstractTransferListenerAdapter - Downloaded https://repo.maven.apache.org/maven2/org/codehaus/plexus/plexus-archiver/4.7.1/plexus-archiver-4.7.1.pom
2025-08-05 23:17:39,441 [Worker-39: Creating maven-archetype-webapp] INFO  o.e.m.c.i.e.AbstractTransferListenerAdapter - Downloading https://repo.maven.apache.org/maven2/org/codehaus/plexus/plexus-io/3.4.1/plexus-io-3.4.1.pom
2025-08-05 23:17:39,446 [Worker-39: Creating maven-archetype-webapp] INFO  o.e.m.c.i.e.AbstractTransferListenerAdapter - Downloaded https://repo.maven.apache.org/maven2/org/codehaus/plexus/plexus-io/3.4.1/plexus-io-3.4.1.pom
2025-08-05 23:17:39,477 [Worker-39: Creating maven-archetype-webapp] INFO  o.e.m.c.i.e.AbstractTransferListenerAdapter - Downloading https://repo.maven.apache.org/maven2/org/apache/commons/commons-compress/1.23.0/commons-compress-1.23.0.pom
2025-08-05 23:17:39,483 [Worker-39: Creating maven-archetype-webapp] INFO  o.e.m.c.i.e.AbstractTransferListenerAdapter - Downloaded https://repo.maven.apache.org/maven2/org/apache/commons/commons-compress/1.23.0/commons-compress-1.23.0.pom
2025-08-05 23:17:39,510 [Worker-39: Creating maven-archetype-webapp] INFO  o.e.m.c.i.e.AbstractTransferListenerAdapter - Downloading https://repo.maven.apache.org/maven2/org/apache/commons/commons-parent/56/commons-parent-56.pom
2025-08-05 23:17:39,519 [Worker-39: Creating maven-archetype-webapp] INFO  o.e.m.c.i.e.AbstractTransferListenerAdapter - Downloaded https://repo.maven.apache.org/maven2/org/apache/commons/commons-parent/56/commons-parent-56.pom
2025-08-05 23:17:39,554 [Worker-39: Creating maven-archetype-webapp] INFO  o.e.m.c.i.e.AbstractTransferListenerAdapter - Downloading https://repo.maven.apache.org/maven2/com/github/luben/zstd-jni/1.5.5-2/zstd-jni-1.5.5-2.pom
2025-08-05 23:17:39,560 [Worker-39: Creating maven-archetype-webapp] INFO  o.e.m.c.i.e.AbstractTransferListenerAdapter - Downloaded https://repo.maven.apache.org/maven2/com/github/luben/zstd-jni/1.5.5-2/zstd-jni-1.5.5-2.pom
2025-08-05 23:17:39,618 [Worker-39: Creating maven-archetype-webapp] INFO  o.e.m.c.i.e.AbstractTransferListenerAdapter - Downloading https://repo.maven.apache.org/maven2/org/apache/maven/shared/maven-mapping/3.0.0/maven-mapping-3.0.0.pom
2025-08-05 23:17:39,624 [Worker-39: Creating maven-archetype-webapp] INFO  o.e.m.c.i.e.AbstractTransferListenerAdapter - Downloaded https://repo.maven.apache.org/maven2/org/apache/maven/shared/maven-mapping/3.0.0/maven-mapping-3.0.0.pom
2025-08-05 23:17:39,653 [Worker-39: Creating maven-archetype-webapp] INFO  o.e.m.c.i.e.AbstractTransferListenerAdapter - Downloading https://repo.maven.apache.org/maven2/org/apache/maven/shared/maven-shared-components/22/maven-shared-components-22.pom
2025-08-05 23:17:39,659 [Worker-39: Creating maven-archetype-webapp] INFO  o.e.m.c.i.e.AbstractTransferListenerAdapter - Downloaded https://repo.maven.apache.org/maven2/org/apache/maven/shared/maven-shared-components/22/maven-shared-components-22.pom
2025-08-05 23:17:39,686 [Worker-39: Creating maven-archetype-webapp] INFO  o.e.m.c.i.e.AbstractTransferListenerAdapter - Downloading https://repo.maven.apache.org/maven2/org/apache/maven/maven-parent/27/maven-parent-27.pom
2025-08-05 23:17:39,693 [Worker-39: Creating maven-archetype-webapp] INFO  o.e.m.c.i.e.AbstractTransferListenerAdapter - Downloaded https://repo.maven.apache.org/maven2/org/apache/maven/maven-parent/27/maven-parent-27.pom
2025-08-05 23:17:39,721 [Worker-39: Creating maven-archetype-webapp] INFO  o.e.m.c.i.e.AbstractTransferListenerAdapter - Downloading https://repo.maven.apache.org/maven2/org/apache/apache/17/apache-17.pom
2025-08-05 23:17:39,728 [Worker-39: Creating maven-archetype-webapp] INFO  o.e.m.c.i.e.AbstractTransferListenerAdapter - Downloaded https://repo.maven.apache.org/maven2/org/apache/apache/17/apache-17.pom
2025-08-05 23:17:39,755 [Worker-39: Creating maven-archetype-webapp] INFO  o.e.m.c.i.e.AbstractTransferListenerAdapter - Downloading https://repo.maven.apache.org/maven2/org/apache/maven/maven-core/3.0/maven-core-3.0.pom
2025-08-05 23:17:39,761 [Worker-39: Creating maven-archetype-webapp] INFO  o.e.m.c.i.e.AbstractTransferListenerAdapter - Downloaded https://repo.maven.apache.org/maven2/org/apache/maven/maven-core/3.0/maven-core-3.0.pom
2025-08-05 23:17:39,787 [Worker-39: Creating maven-archetype-webapp] INFO  o.e.m.c.i.e.AbstractTransferListenerAdapter - Downloading https://repo.maven.apache.org/maven2/org/apache/maven/maven/3.0/maven-3.0.pom
2025-08-05 23:17:39,793 [Worker-39: Creating maven-archetype-webapp] INFO  o.e.m.c.i.e.AbstractTransferListenerAdapter - Downloaded https://repo.maven.apache.org/maven2/org/apache/maven/maven/3.0/maven-3.0.pom
2025-08-05 23:17:39,818 [Worker-39: Creating maven-archetype-webapp] INFO  o.e.m.c.i.e.AbstractTransferListenerAdapter - Downloading https://repo.maven.apache.org/maven2/org/apache/maven/maven-parent/15/maven-parent-15.pom
2025-08-05 23:17:39,826 [Worker-39: Creating maven-archetype-webapp] INFO  o.e.m.c.i.e.AbstractTransferListenerAdapter - Downloaded https://repo.maven.apache.org/maven2/org/apache/maven/maven-parent/15/maven-parent-15.pom
2025-08-05 23:17:39,854 [Worker-39: Creating maven-archetype-webapp] INFO  o.e.m.c.i.e.AbstractTransferListenerAdapter - Downloading https://repo.maven.apache.org/maven2/org/apache/apache/6/apache-6.pom
2025-08-05 23:17:39,860 [Worker-39: Creating maven-archetype-webapp] INFO  o.e.m.c.i.e.AbstractTransferListenerAdapter - Downloaded https://repo.maven.apache.org/maven2/org/apache/apache/6/apache-6.pom
2025-08-05 23:17:39,889 [Worker-39: Creating maven-archetype-webapp] INFO  o.e.m.c.i.e.AbstractTransferListenerAdapter - Downloading https://repo.maven.apache.org/maven2/org/apache/maven/maven-model/3.0/maven-model-3.0.pom
2025-08-05 23:17:39,895 [Worker-39: Creating maven-archetype-webapp] INFO  o.e.m.c.i.e.AbstractTransferListenerAdapter - Downloaded https://repo.maven.apache.org/maven2/org/apache/maven/maven-model/3.0/maven-model-3.0.pom
2025-08-05 23:17:39,945 [Worker-39: Creating maven-archetype-webapp] INFO  o.e.m.c.i.e.AbstractTransferListenerAdapter - Downloading https://repo.maven.apache.org/maven2/org/apache/maven/maven-settings-builder/3.0/maven-settings-builder-3.0.pom
2025-08-05 23:17:39,953 [Worker-39: Creating maven-archetype-webapp] INFO  o.e.m.c.i.e.AbstractTransferListenerAdapter - Downloaded https://repo.maven.apache.org/maven2/org/apache/maven/maven-settings-builder/3.0/maven-settings-builder-3.0.pom
2025-08-05 23:17:39,981 [Worker-39: Creating maven-archetype-webapp] INFO  o.e.m.c.i.e.AbstractTransferListenerAdapter - Downloading https://repo.maven.apache.org/maven2/org/codehaus/plexus/plexus-interpolation/1.14/plexus-interpolation-1.14.pom
2025-08-05 23:17:39,987 [Worker-39: Creating maven-archetype-webapp] INFO  o.e.m.c.i.e.AbstractTransferListenerAdapter - Downloaded https://repo.maven.apache.org/maven2/org/codehaus/plexus/plexus-interpolation/1.14/plexus-interpolation-1.14.pom
2025-08-05 23:17:40,016 [Worker-39: Creating maven-archetype-webapp] INFO  o.e.m.c.i.e.AbstractTransferListenerAdapter - Downloading https://repo.maven.apache.org/maven2/org/codehaus/plexus/plexus-components/1.1.18/plexus-components-1.1.18.pom
2025-08-05 23:17:40,023 [Worker-39: Creating maven-archetype-webapp] INFO  o.e.m.c.i.e.AbstractTransferListenerAdapter - Downloaded https://repo.maven.apache.org/maven2/org/codehaus/plexus/plexus-components/1.1.18/plexus-components-1.1.18.pom
2025-08-05 23:17:40,097 [Worker-39: Creating maven-archetype-webapp] INFO  o.e.m.c.i.e.AbstractTransferListenerAdapter - Downloading https://repo.maven.apache.org/maven2/org/apache/maven/maven-repository-metadata/3.0/maven-repository-metadata-3.0.pom
2025-08-05 23:17:40,105 [Worker-39: Creating maven-archetype-webapp] INFO  o.e.m.c.i.e.AbstractTransferListenerAdapter - Downloaded https://repo.maven.apache.org/maven2/org/apache/maven/maven-repository-metadata/3.0/maven-repository-metadata-3.0.pom
2025-08-05 23:17:40,134 [Worker-39: Creating maven-archetype-webapp] INFO  o.e.m.c.i.e.AbstractTransferListenerAdapter - Downloading https://repo.maven.apache.org/maven2/org/apache/maven/maven-artifact/3.0/maven-artifact-3.0.pom
2025-08-05 23:17:40,142 [Worker-39: Creating maven-archetype-webapp] INFO  o.e.m.c.i.e.AbstractTransferListenerAdapter - Downloaded https://repo.maven.apache.org/maven2/org/apache/maven/maven-artifact/3.0/maven-artifact-3.0.pom
2025-08-05 23:17:40,171 [Worker-39: Creating maven-archetype-webapp] INFO  o.e.m.c.i.e.AbstractTransferListenerAdapter - Downloading https://repo.maven.apache.org/maven2/org/apache/maven/maven-plugin-api/3.0/maven-plugin-api-3.0.pom
2025-08-05 23:17:40,180 [Worker-39: Creating maven-archetype-webapp] INFO  o.e.m.c.i.e.AbstractTransferListenerAdapter - Downloaded https://repo.maven.apache.org/maven2/org/apache/maven/maven-plugin-api/3.0/maven-plugin-api-3.0.pom
2025-08-05 23:17:40,212 [Worker-39: Creating maven-archetype-webapp] INFO  o.e.m.c.i.e.AbstractTransferListenerAdapter - Downloading https://repo.maven.apache.org/maven2/org/sonatype/sisu/sisu-inject-plexus/1.4.2/sisu-inject-plexus-1.4.2.pom
2025-08-05 23:17:40,222 [Worker-39: Creating maven-archetype-webapp] INFO  o.e.m.c.i.e.AbstractTransferListenerAdapter - Downloaded https://repo.maven.apache.org/maven2/org/sonatype/sisu/sisu-inject-plexus/1.4.2/sisu-inject-plexus-1.4.2.pom
2025-08-05 23:17:40,250 [Worker-39: Creating maven-archetype-webapp] INFO  o.e.m.c.i.e.AbstractTransferListenerAdapter - Downloading https://repo.maven.apache.org/maven2/org/sonatype/sisu/inject/guice-plexus/1.4.2/guice-plexus-1.4.2.pom
2025-08-05 23:17:40,258 [Worker-39: Creating maven-archetype-webapp] INFO  o.e.m.c.i.e.AbstractTransferListenerAdapter - Downloaded https://repo.maven.apache.org/maven2/org/sonatype/sisu/inject/guice-plexus/1.4.2/guice-plexus-1.4.2.pom
2025-08-05 23:17:40,295 [Worker-39: Creating maven-archetype-webapp] INFO  o.e.m.c.i.e.AbstractTransferListenerAdapter - Downloading https://repo.maven.apache.org/maven2/org/sonatype/sisu/inject/guice-bean/1.4.2/guice-bean-1.4.2.pom
2025-08-05 23:17:40,303 [Worker-39: Creating maven-archetype-webapp] INFO  o.e.m.c.i.e.AbstractTransferListenerAdapter - Downloaded https://repo.maven.apache.org/maven2/org/sonatype/sisu/inject/guice-bean/1.4.2/guice-bean-1.4.2.pom
2025-08-05 23:17:40,338 [Worker-39: Creating maven-archetype-webapp] INFO  o.e.m.c.i.e.AbstractTransferListenerAdapter - Downloading https://repo.maven.apache.org/maven2/org/sonatype/sisu/sisu-inject/1.4.2/sisu-inject-1.4.2.pom
2025-08-05 23:17:40,347 [Worker-39: Creating maven-archetype-webapp] INFO  o.e.m.c.i.e.AbstractTransferListenerAdapter - Downloaded https://repo.maven.apache.org/maven2/org/sonatype/sisu/sisu-inject/1.4.2/sisu-inject-1.4.2.pom
2025-08-05 23:17:40,375 [Worker-39: Creating maven-archetype-webapp] INFO  o.e.m.c.i.e.AbstractTransferListenerAdapter - Downloading https://repo.maven.apache.org/maven2/org/sonatype/sisu/sisu-parent/1.4.2/sisu-parent-1.4.2.pom
2025-08-05 23:17:40,381 [Worker-39: Creating maven-archetype-webapp] INFO  o.e.m.c.i.e.AbstractTransferListenerAdapter - Downloaded https://repo.maven.apache.org/maven2/org/sonatype/sisu/sisu-parent/1.4.2/sisu-parent-1.4.2.pom
2025-08-05 23:17:40,407 [Worker-39: Creating maven-archetype-webapp] INFO  o.e.m.c.i.e.AbstractTransferListenerAdapter - Downloading https://repo.maven.apache.org/maven2/org/sonatype/forge/forge-parent/6/forge-parent-6.pom
2025-08-05 23:17:40,414 [Worker-39: Creating maven-archetype-webapp] INFO  o.e.m.c.i.e.AbstractTransferListenerAdapter - Downloaded https://repo.maven.apache.org/maven2/org/sonatype/forge/forge-parent/6/forge-parent-6.pom
2025-08-05 23:17:40,441 [Worker-39: Creating maven-archetype-webapp] INFO  o.e.m.c.i.e.AbstractTransferListenerAdapter - Downloading https://repo.maven.apache.org/maven2/org/codehaus/plexus/plexus-component-annotations/1.5.4/plexus-component-annotations-1.5.4.pom
2025-08-05 23:17:40,448 [Worker-39: Creating maven-archetype-webapp] INFO  o.e.m.c.i.e.AbstractTransferListenerAdapter - Downloaded https://repo.maven.apache.org/maven2/org/codehaus/plexus/plexus-component-annotations/1.5.4/plexus-component-annotations-1.5.4.pom
2025-08-05 23:17:40,474 [Worker-39: Creating maven-archetype-webapp] INFO  o.e.m.c.i.e.AbstractTransferListenerAdapter - Downloading https://repo.maven.apache.org/maven2/org/codehaus/plexus/plexus-containers/1.5.4/plexus-containers-1.5.4.pom
2025-08-05 23:17:40,479 [Worker-39: Creating maven-archetype-webapp] INFO  o.e.m.c.i.e.AbstractTransferListenerAdapter - Downloaded https://repo.maven.apache.org/maven2/org/codehaus/plexus/plexus-containers/1.5.4/plexus-containers-1.5.4.pom
2025-08-05 23:17:40,506 [Worker-39: Creating maven-archetype-webapp] INFO  o.e.m.c.i.e.AbstractTransferListenerAdapter - Downloading https://repo.maven.apache.org/maven2/org/codehaus/plexus/plexus/2.0.5/plexus-2.0.5.pom
2025-08-05 23:17:40,513 [Worker-39: Creating maven-archetype-webapp] INFO  o.e.m.c.i.e.AbstractTransferListenerAdapter - Downloaded https://repo.maven.apache.org/maven2/org/codehaus/plexus/plexus/2.0.5/plexus-2.0.5.pom
2025-08-05 23:17:40,540 [Worker-39: Creating maven-archetype-webapp] INFO  o.e.m.c.i.e.AbstractTransferListenerAdapter - Downloading https://repo.maven.apache.org/maven2/org/codehaus/plexus/plexus-classworlds/2.2.3/plexus-classworlds-2.2.3.pom
2025-08-05 23:17:40,547 [Worker-39: Creating maven-archetype-webapp] INFO  o.e.m.c.i.e.AbstractTransferListenerAdapter - Downloaded https://repo.maven.apache.org/maven2/org/codehaus/plexus/plexus-classworlds/2.2.3/plexus-classworlds-2.2.3.pom
2025-08-05 23:17:40,573 [Worker-39: Creating maven-archetype-webapp] INFO  o.e.m.c.i.e.AbstractTransferListenerAdapter - Downloading https://repo.maven.apache.org/maven2/org/codehaus/plexus/plexus/2.0.6/plexus-2.0.6.pom
2025-08-05 23:17:40,579 [Worker-39: Creating maven-archetype-webapp] INFO  o.e.m.c.i.e.AbstractTransferListenerAdapter - Downloaded https://repo.maven.apache.org/maven2/org/codehaus/plexus/plexus/2.0.6/plexus-2.0.6.pom
2025-08-05 23:17:40,609 [Worker-39: Creating maven-archetype-webapp] INFO  o.e.m.c.i.e.AbstractTransferListenerAdapter - Downloading https://repo.maven.apache.org/maven2/org/sonatype/sisu/sisu-inject-bean/1.4.2/sisu-inject-bean-1.4.2.pom
2025-08-05 23:17:40,616 [Worker-39: Creating maven-archetype-webapp] INFO  o.e.m.c.i.e.AbstractTransferListenerAdapter - Downloaded https://repo.maven.apache.org/maven2/org/sonatype/sisu/sisu-inject-bean/1.4.2/sisu-inject-bean-1.4.2.pom
2025-08-05 23:17:40,644 [Worker-39: Creating maven-archetype-webapp] INFO  o.e.m.c.i.e.AbstractTransferListenerAdapter - Downloading https://repo.maven.apache.org/maven2/org/sonatype/sisu/sisu-guice/2.1.7/sisu-guice-2.1.7.pom
2025-08-05 23:17:40,649 [Worker-39: Creating maven-archetype-webapp] INFO  o.e.m.c.i.e.AbstractTransferListenerAdapter - Downloaded https://repo.maven.apache.org/maven2/org/sonatype/sisu/sisu-guice/2.1.7/sisu-guice-2.1.7.pom
2025-08-05 23:17:40,676 [Worker-39: Creating maven-archetype-webapp] INFO  o.e.m.c.i.e.AbstractTransferListenerAdapter - Downloading https://repo.maven.apache.org/maven2/org/apache/maven/maven-model-builder/3.0/maven-model-builder-3.0.pom
2025-08-05 23:17:40,683 [Worker-39: Creating maven-archetype-webapp] INFO  o.e.m.c.i.e.AbstractTransferListenerAdapter - Downloaded https://repo.maven.apache.org/maven2/org/apache/maven/maven-model-builder/3.0/maven-model-builder-3.0.pom
2025-08-05 23:17:40,710 [Worker-39: Creating maven-archetype-webapp] INFO  o.e.m.c.i.e.AbstractTransferListenerAdapter - Downloading https://repo.maven.apache.org/maven2/org/apache/maven/maven-aether-provider/3.0/maven-aether-provider-3.0.pom
2025-08-05 23:17:40,717 [Worker-39: Creating maven-archetype-webapp] INFO  o.e.m.c.i.e.AbstractTransferListenerAdapter - Downloaded https://repo.maven.apache.org/maven2/org/apache/maven/maven-aether-provider/3.0/maven-aether-provider-3.0.pom
2025-08-05 23:17:40,745 [Worker-39: Creating maven-archetype-webapp] INFO  o.e.m.c.i.e.AbstractTransferListenerAdapter - Downloading https://repo.maven.apache.org/maven2/org/sonatype/aether/aether-api/1.7/aether-api-1.7.pom
2025-08-05 23:17:40,752 [Worker-39: Creating maven-archetype-webapp] INFO  o.e.m.c.i.e.AbstractTransferListenerAdapter - Downloaded https://repo.maven.apache.org/maven2/org/sonatype/aether/aether-api/1.7/aether-api-1.7.pom
2025-08-05 23:17:40,781 [Worker-39: Creating maven-archetype-webapp] INFO  o.e.m.c.i.e.AbstractTransferListenerAdapter - Downloading https://repo.maven.apache.org/maven2/org/sonatype/aether/aether-parent/1.7/aether-parent-1.7.pom
2025-08-05 23:17:40,787 [Worker-39: Creating maven-archetype-webapp] INFO  o.e.m.c.i.e.AbstractTransferListenerAdapter - Downloaded https://repo.maven.apache.org/maven2/org/sonatype/aether/aether-parent/1.7/aether-parent-1.7.pom
2025-08-05 23:17:40,814 [Worker-39: Creating maven-archetype-webapp] INFO  o.e.m.c.i.e.AbstractTransferListenerAdapter - Downloading https://repo.maven.apache.org/maven2/org/sonatype/aether/aether-util/1.7/aether-util-1.7.pom
2025-08-05 23:17:40,821 [Worker-39: Creating maven-archetype-webapp] INFO  o.e.m.c.i.e.AbstractTransferListenerAdapter - Downloaded https://repo.maven.apache.org/maven2/org/sonatype/aether/aether-util/1.7/aether-util-1.7.pom
2025-08-05 23:17:40,849 [Worker-39: Creating maven-archetype-webapp] INFO  o.e.m.c.i.e.AbstractTransferListenerAdapter - Downloading https://repo.maven.apache.org/maven2/org/sonatype/aether/aether-impl/1.7/aether-impl-1.7.pom
2025-08-05 23:17:40,855 [Worker-39: Creating maven-archetype-webapp] INFO  o.e.m.c.i.e.AbstractTransferListenerAdapter - Downloaded https://repo.maven.apache.org/maven2/org/sonatype/aether/aether-impl/1.7/aether-impl-1.7.pom
2025-08-05 23:17:40,882 [Worker-39: Creating maven-archetype-webapp] INFO  o.e.m.c.i.e.AbstractTransferListenerAdapter - Downloading https://repo.maven.apache.org/maven2/org/sonatype/aether/aether-spi/1.7/aether-spi-1.7.pom
2025-08-05 23:17:40,889 [Worker-39: Creating maven-archetype-webapp] INFO  o.e.m.c.i.e.AbstractTransferListenerAdapter - Downloaded https://repo.maven.apache.org/maven2/org/sonatype/aether/aether-spi/1.7/aether-spi-1.7.pom
2025-08-05 23:17:41,029 [Worker-39: Creating maven-archetype-webapp] INFO  o.e.m.c.i.e.AbstractTransferListenerAdapter - Downloading https://repo.maven.apache.org/maven2/org/apache/maven/maven-archiver/3.6.0/maven-archiver-3.6.0.jar
2025-08-05 23:17:41,037 [Worker-39: Creating maven-archetype-webapp] INFO  o.e.m.c.i.e.AbstractTransferListenerAdapter - Downloaded https://repo.maven.apache.org/maven2/org/apache/maven/maven-archiver/3.6.0/maven-archiver-3.6.0.jar
2025-08-05 23:17:41,056 [BasicRepositoryConnector-repo.maven.apache.org-1-1] INFO  o.e.m.c.i.e.AbstractTransferListenerAdapter - Downloading https://repo.maven.apache.org/maven2/commons-io/commons-io/2.13.0/commons-io-2.13.0.jar
2025-08-05 23:17:41,069 [BasicRepositoryConnector-repo.maven.apache.org-1-1] INFO  o.e.m.c.i.e.AbstractTransferListenerAdapter - Downloaded https://repo.maven.apache.org/maven2/commons-io/commons-io/2.13.0/commons-io-2.13.0.jar
2025-08-05 23:17:41,080 [BasicRepositoryConnector-repo.maven.apache.org-1-2] INFO  o.e.m.c.i.e.AbstractTransferListenerAdapter - Downloading https://repo.maven.apache.org/maven2/org/codehaus/plexus/plexus-archiver/4.7.1/plexus-archiver-4.7.1.jar
2025-08-05 23:17:41,088 [BasicRepositoryConnector-repo.maven.apache.org-1-0] INFO  o.e.m.c.i.e.AbstractTransferListenerAdapter - Downloading https://repo.maven.apache.org/maven2/org/codehaus/plexus/plexus-io/3.4.0/plexus-io-3.4.0.jar
2025-08-05 23:17:41,088 [BasicRepositoryConnector-repo.maven.apache.org-1-1] INFO  o.e.m.c.i.e.AbstractTransferListenerAdapter - Downloading https://repo.maven.apache.org/maven2/org/apache/maven/shared/maven-mapping/3.0.0/maven-mapping-3.0.0.jar
2025-08-05 23:17:41,088 [BasicRepositoryConnector-repo.maven.apache.org-1-4] INFO  o.e.m.c.i.e.AbstractTransferListenerAdapter - Downloading https://repo.maven.apache.org/maven2/com/github/luben/zstd-jni/1.5.5-2/zstd-jni-1.5.5-2.jar
2025-08-05 23:17:41,090 [BasicRepositoryConnector-repo.maven.apache.org-1-3] INFO  o.e.m.c.i.e.AbstractTransferListenerAdapter - Downloading https://repo.maven.apache.org/maven2/org/apache/commons/commons-compress/1.23.0/commons-compress-1.23.0.jar
2025-08-05 23:17:41,097 [BasicRepositoryConnector-repo.maven.apache.org-1-1] INFO  o.e.m.c.i.e.AbstractTransferListenerAdapter - Downloaded https://repo.maven.apache.org/maven2/org/apache/maven/shared/maven-mapping/3.0.0/maven-mapping-3.0.0.jar
2025-08-05 23:17:41,111 [BasicRepositoryConnector-repo.maven.apache.org-1-0] INFO  o.e.m.c.i.e.AbstractTransferListenerAdapter - Downloaded https://repo.maven.apache.org/maven2/org/codehaus/plexus/plexus-io/3.4.0/plexus-io-3.4.0.jar
2025-08-05 23:17:41,115 [BasicRepositoryConnector-repo.maven.apache.org-1-2] INFO  o.e.m.c.i.e.AbstractTransferListenerAdapter - Downloaded https://repo.maven.apache.org/maven2/org/codehaus/plexus/plexus-archiver/4.7.1/plexus-archiver-4.7.1.jar
2025-08-05 23:17:41,121 [BasicRepositoryConnector-repo.maven.apache.org-1-1] INFO  o.e.m.c.i.e.AbstractTransferListenerAdapter - Downloading https://repo.maven.apache.org/maven2/org/apache/maven/maven-core/3.0/maven-core-3.0.jar
2025-08-05 23:17:41,127 [BasicRepositoryConnector-repo.maven.apache.org-1-0] INFO  o.e.m.c.i.e.AbstractTransferListenerAdapter - Downloading https://repo.maven.apache.org/maven2/org/apache/maven/maven-model/3.0/maven-model-3.0.jar
2025-08-05 23:17:41,130 [BasicRepositoryConnector-repo.maven.apache.org-1-2] INFO  o.e.m.c.i.e.AbstractTransferListenerAdapter - Downloading https://repo.maven.apache.org/maven2/org/apache/maven/maven-settings-builder/3.0/maven-settings-builder-3.0.jar
2025-08-05 23:17:41,140 [BasicRepositoryConnector-repo.maven.apache.org-1-2] INFO  o.e.m.c.i.e.AbstractTransferListenerAdapter - Downloaded https://repo.maven.apache.org/maven2/org/apache/maven/maven-settings-builder/3.0/maven-settings-builder-3.0.jar
2025-08-05 23:17:41,141 [BasicRepositoryConnector-repo.maven.apache.org-1-0] INFO  o.e.m.c.i.e.AbstractTransferListenerAdapter - Downloaded https://repo.maven.apache.org/maven2/org/apache/maven/maven-model/3.0/maven-model-3.0.jar
2025-08-05 23:17:41,141 [BasicRepositoryConnector-repo.maven.apache.org-1-1] INFO  o.e.m.c.i.e.AbstractTransferListenerAdapter - Downloaded https://repo.maven.apache.org/maven2/org/apache/maven/maven-core/3.0/maven-core-3.0.jar
2025-08-05 23:17:41,154 [BasicRepositoryConnector-repo.maven.apache.org-1-0] INFO  o.e.m.c.i.e.AbstractTransferListenerAdapter - Downloading https://repo.maven.apache.org/maven2/org/apache/maven/maven-artifact/3.0/maven-artifact-3.0.jar
2025-08-05 23:17:41,157 [BasicRepositoryConnector-repo.maven.apache.org-1-2] INFO  o.e.m.c.i.e.AbstractTransferListenerAdapter - Downloading https://repo.maven.apache.org/maven2/org/apache/maven/maven-repository-metadata/3.0/maven-repository-metadata-3.0.jar
2025-08-05 23:17:41,157 [BasicRepositoryConnector-repo.maven.apache.org-1-1] INFO  o.e.m.c.i.e.AbstractTransferListenerAdapter - Downloading https://repo.maven.apache.org/maven2/org/apache/maven/maven-plugin-api/3.0/maven-plugin-api-3.0.jar
2025-08-05 23:17:41,165 [BasicRepositoryConnector-repo.maven.apache.org-1-0] INFO  o.e.m.c.i.e.AbstractTransferListenerAdapter - Downloaded https://repo.maven.apache.org/maven2/org/apache/maven/maven-artifact/3.0/maven-artifact-3.0.jar
2025-08-05 23:17:41,166 [BasicRepositoryConnector-repo.maven.apache.org-1-2] INFO  o.e.m.c.i.e.AbstractTransferListenerAdapter - Downloaded https://repo.maven.apache.org/maven2/org/apache/maven/maven-repository-metadata/3.0/maven-repository-metadata-3.0.jar
2025-08-05 23:17:41,167 [BasicRepositoryConnector-repo.maven.apache.org-1-1] INFO  o.e.m.c.i.e.AbstractTransferListenerAdapter - Downloaded https://repo.maven.apache.org/maven2/org/apache/maven/maven-plugin-api/3.0/maven-plugin-api-3.0.jar
2025-08-05 23:17:41,183 [BasicRepositoryConnector-repo.maven.apache.org-1-1] INFO  o.e.m.c.i.e.AbstractTransferListenerAdapter - Downloading https://repo.maven.apache.org/maven2/org/sonatype/aether/aether-impl/1.7/aether-impl-1.7.jar
2025-08-05 23:17:41,183 [BasicRepositoryConnector-repo.maven.apache.org-1-0] INFO  o.e.m.c.i.e.AbstractTransferListenerAdapter - Downloading https://repo.maven.apache.org/maven2/org/apache/maven/maven-model-builder/3.0/maven-model-builder-3.0.jar
2025-08-05 23:17:41,184 [BasicRepositoryConnector-repo.maven.apache.org-1-2] INFO  o.e.m.c.i.e.AbstractTransferListenerAdapter - Downloading https://repo.maven.apache.org/maven2/org/apache/maven/maven-aether-provider/3.0/maven-aether-provider-3.0.jar
2025-08-05 23:17:41,192 [BasicRepositoryConnector-repo.maven.apache.org-1-3] INFO  o.e.m.c.i.e.AbstractTransferListenerAdapter - Downloaded https://repo.maven.apache.org/maven2/org/apache/commons/commons-compress/1.23.0/commons-compress-1.23.0.jar
2025-08-05 23:17:41,194 [BasicRepositoryConnector-repo.maven.apache.org-1-1] INFO  o.e.m.c.i.e.AbstractTransferListenerAdapter - Downloaded https://repo.maven.apache.org/maven2/org/sonatype/aether/aether-impl/1.7/aether-impl-1.7.jar
2025-08-05 23:17:41,194 [BasicRepositoryConnector-repo.maven.apache.org-1-2] INFO  o.e.m.c.i.e.AbstractTransferListenerAdapter - Downloaded https://repo.maven.apache.org/maven2/org/apache/maven/maven-aether-provider/3.0/maven-aether-provider-3.0.jar
2025-08-05 23:17:41,194 [BasicRepositoryConnector-repo.maven.apache.org-1-0] INFO  o.e.m.c.i.e.AbstractTransferListenerAdapter - Downloaded https://repo.maven.apache.org/maven2/org/apache/maven/maven-model-builder/3.0/maven-model-builder-3.0.jar
2025-08-05 23:17:41,210 [BasicRepositoryConnector-repo.maven.apache.org-1-0] INFO  o.e.m.c.i.e.AbstractTransferListenerAdapter - Downloading https://repo.maven.apache.org/maven2/org/sonatype/sisu/sisu-inject-plexus/1.4.2/sisu-inject-plexus-1.4.2.jar
2025-08-05 23:17:41,213 [BasicRepositoryConnector-repo.maven.apache.org-1-3] INFO  o.e.m.c.i.e.AbstractTransferListenerAdapter - Downloading https://repo.maven.apache.org/maven2/org/sonatype/aether/aether-spi/1.7/aether-spi-1.7.jar
2025-08-05 23:17:41,214 [BasicRepositoryConnector-repo.maven.apache.org-1-1] INFO  o.e.m.c.i.e.AbstractTransferListenerAdapter - Downloading https://repo.maven.apache.org/maven2/org/sonatype/aether/aether-api/1.7/aether-api-1.7.jar
2025-08-05 23:17:41,218 [BasicRepositoryConnector-repo.maven.apache.org-1-2] INFO  o.e.m.c.i.e.AbstractTransferListenerAdapter - Downloading https://repo.maven.apache.org/maven2/org/sonatype/aether/aether-util/1.7/aether-util-1.7.jar
2025-08-05 23:17:41,223 [BasicRepositoryConnector-repo.maven.apache.org-1-3] INFO  o.e.m.c.i.e.AbstractTransferListenerAdapter - Downloaded https://repo.maven.apache.org/maven2/org/sonatype/aether/aether-spi/1.7/aether-spi-1.7.jar
2025-08-05 23:17:41,224 [BasicRepositoryConnector-repo.maven.apache.org-1-0] INFO  o.e.m.c.i.e.AbstractTransferListenerAdapter - Downloaded https://repo.maven.apache.org/maven2/org/sonatype/sisu/sisu-inject-plexus/1.4.2/sisu-inject-plexus-1.4.2.jar
2025-08-05 23:17:41,224 [BasicRepositoryConnector-repo.maven.apache.org-1-1] INFO  o.e.m.c.i.e.AbstractTransferListenerAdapter - Downloaded https://repo.maven.apache.org/maven2/org/sonatype/aether/aether-api/1.7/aether-api-1.7.jar
2025-08-05 23:17:41,230 [BasicRepositoryConnector-repo.maven.apache.org-1-2] INFO  o.e.m.c.i.e.AbstractTransferListenerAdapter - Downloaded https://repo.maven.apache.org/maven2/org/sonatype/aether/aether-util/1.7/aether-util-1.7.jar
2025-08-05 23:17:41,241 [BasicRepositoryConnector-repo.maven.apache.org-1-1] INFO  o.e.m.c.i.e.AbstractTransferListenerAdapter - Downloading https://repo.maven.apache.org/maven2/org/codehaus/plexus/plexus-classworlds/2.2.3/plexus-classworlds-2.2.3.jar
2025-08-05 23:17:41,243 [BasicRepositoryConnector-repo.maven.apache.org-1-3] INFO  o.e.m.c.i.e.AbstractTransferListenerAdapter - Downloading https://repo.maven.apache.org/maven2/org/sonatype/sisu/sisu-inject-bean/1.4.2/sisu-inject-bean-1.4.2.jar
2025-08-05 23:17:41,251 [BasicRepositoryConnector-repo.maven.apache.org-1-1] INFO  o.e.m.c.i.e.AbstractTransferListenerAdapter - Downloaded https://repo.maven.apache.org/maven2/org/codehaus/plexus/plexus-classworlds/2.2.3/plexus-classworlds-2.2.3.jar
2025-08-05 23:17:41,254 [BasicRepositoryConnector-repo.maven.apache.org-1-3] INFO  o.e.m.c.i.e.AbstractTransferListenerAdapter - Downloaded https://repo.maven.apache.org/maven2/org/sonatype/sisu/sisu-inject-bean/1.4.2/sisu-inject-bean-1.4.2.jar
2025-08-05 23:17:41,255 [BasicRepositoryConnector-repo.maven.apache.org-1-0] INFO  o.e.m.c.i.e.AbstractTransferListenerAdapter - Downloading https://repo.maven.apache.org/maven2/org/sonatype/sisu/sisu-guice/2.1.7/sisu-guice-2.1.7-noaop.jar
2025-08-05 23:17:41,257 [BasicRepositoryConnector-repo.maven.apache.org-1-4] INFO  o.e.m.c.i.e.AbstractTransferListenerAdapter - Downloaded https://repo.maven.apache.org/maven2/com/github/luben/zstd-jni/1.5.5-2/zstd-jni-1.5.5-2.jar
2025-08-05 23:17:41,258 [BasicRepositoryConnector-repo.maven.apache.org-1-2] INFO  o.e.m.c.i.e.AbstractTransferListenerAdapter - Downloading https://repo.maven.apache.org/maven2/org/sonatype/plexus/plexus-sec-dispatcher/1.3/plexus-sec-dispatcher-1.3.jar
2025-08-05 23:17:41,265 [BasicRepositoryConnector-repo.maven.apache.org-1-2] INFO  o.e.m.c.i.e.AbstractTransferListenerAdapter - Downloaded https://repo.maven.apache.org/maven2/org/sonatype/plexus/plexus-sec-dispatcher/1.3/plexus-sec-dispatcher-1.3.jar
2025-08-05 23:17:41,281 [BasicRepositoryConnector-repo.maven.apache.org-1-1] INFO  o.e.m.c.i.e.AbstractTransferListenerAdapter - Downloading https://repo.maven.apache.org/maven2/org/sonatype/plexus/plexus-cipher/1.4/plexus-cipher-1.4.jar
2025-08-05 23:17:41,289 [BasicRepositoryConnector-repo.maven.apache.org-1-1] INFO  o.e.m.c.i.e.AbstractTransferListenerAdapter - Downloaded https://repo.maven.apache.org/maven2/org/sonatype/plexus/plexus-cipher/1.4/plexus-cipher-1.4.jar
2025-08-05 23:17:41,303 [BasicRepositoryConnector-repo.maven.apache.org-1-0] INFO  o.e.m.c.i.e.AbstractTransferListenerAdapter - Downloaded https://repo.maven.apache.org/maven2/org/sonatype/sisu/sisu-guice/2.1.7/sisu-guice-2.1.7-noaop.jar
2025-08-05 23:17:42,057 [Worker-39: Creating maven-archetype-webapp] INFO  o.e.m.j.i.AbstractJavaProjectConfigurator - Adding source folder /Tarefas/src/main/java
2025-08-05 23:17:42,060 [Worker-39: Creating maven-archetype-webapp] INFO  o.e.m.j.i.AbstractJavaProjectConfigurator - Adding resource folder /Tarefas/src/main/resources
2025-08-05 23:17:42,060 [Worker-39: Creating maven-archetype-webapp] INFO  o.e.m.j.i.AbstractJavaProjectConfigurator - Adding source folder /Tarefas/src/test/java
2025-08-05 23:17:42,063 [Worker-39: Creating maven-archetype-webapp] INFO  o.e.m.j.i.AbstractJavaProjectConfigurator - Adding resource folder /Tarefas/src/test/resources
2025-08-05 23:17:42,938 [Worker-37: Download sources and javadoc] INFO  o.e.m.c.i.e.AbstractTransferListenerAdapter - Downloading https://repo.maven.apache.org/maven2/junit/junit/4.13.1/junit-4.13.1-sources.jar
2025-08-05 23:17:43,003 [Worker-37: Download sources and javadoc] INFO  o.e.m.c.i.e.AbstractTransferListenerAdapter - Downloaded https://repo.maven.apache.org/maven2/junit/junit/4.13.1/junit-4.13.1-sources.jar
2025-08-05 23:17:43,010 [Worker-37: Download sources and javadoc] INFO  o.e.m.j.internal.DownloadSourcesJob - Downloaded sources for junit:junit:4.13.1
2025-08-05 23:17:43,064 [Worker-37: Download sources and javadoc] INFO  o.e.m.c.i.e.AbstractTransferListenerAdapter - Downloading https://repo.maven.apache.org/maven2/org/hamcrest/hamcrest-core/1.3/hamcrest-core-1.3-sources.jar
2025-08-05 23:17:43,073 [Worker-37: Download sources and javadoc] INFO  o.e.m.c.i.e.AbstractTransferListenerAdapter - Downloaded https://repo.maven.apache.org/maven2/org/hamcrest/hamcrest-core/1.3/hamcrest-core-1.3-sources.jar
2025-08-05 23:17:43,081 [Worker-37: Download sources and javadoc] INFO  o.e.m.j.internal.DownloadSourcesJob - Downloaded sources for org.hamcrest:hamcrest-core:1.3
2025-08-05 23:17:44,300 [Worker-39: Creating maven-archetype-webapp] INFO  o.e.m.c.i.e.AbstractTransferListenerAdapter - Downloading https://repo.maven.apache.org/maven2/org/apache/maven/plugins/maven-clean-plugin/3.4.0/maven-clean-plugin-3.4.0.pom
2025-08-05 23:17:44,309 [Worker-39: Creating maven-archetype-webapp] INFO  o.e.m.c.i.e.AbstractTransferListenerAdapter - Downloaded https://repo.maven.apache.org/maven2/org/apache/maven/plugins/maven-clean-plugin/3.4.0/maven-clean-plugin-3.4.0.pom
2025-08-05 23:17:44,407 [Worker-39: Creating maven-archetype-webapp] INFO  o.e.m.c.i.p.ProjectConfigurationManager - Imported and configured 1 project(s) in 6 sec
2025-08-05 23:17:45,419 [Worker-44: Building] INFO  o.a.m.s.f.DefaultMavenResourcesFiltering - skip non existing resourceDirectory C:\TarefasProjeto\Projeto\Tarefas\src\main\resources
2025-08-05 23:17:45,427 [Worker-44: Building] INFO  o.a.m.s.f.DefaultMavenResourcesFiltering - skip non existing resourceDirectory C:\TarefasProjeto\Projeto\Tarefas\src\test\resources
